{"level":50,"time":"2022-06-19T21:31:28.661Z","pid":13256,"hostname":"user-PC","err":{"type":"ConnectionError","message":"database \"WikiActivity\" does not exist","stack":"SequelizeConnectionError: database \"WikiActivity\" does not exist\n    at Client._connectionCallback (C:\\code\\wikiactivity\\.yarn\\__virtual__\\sequelize-virtual-b3f9b93fc6\\3\\Users\\USER\\AppData\\Local\\Yarn\\Berry\\cache\\sequelize-npm-6.21.0-30f6211950-8.zip\\node_modules\\sequelize\\src\\dialects\\postgres\\connection-manager.js:189:24)\n    at Client._handleErrorWhileConnecting (C:\\code\\wikiactivity\\.yarn\\__virtual__\\pg-virtual-6bb5b15754\\3\\Users\\USER\\AppData\\Local\\Yarn\\Berry\\cache\\pg-npm-8.7.3-5d68c1b41b-8.zip\\node_modules\\pg\\lib\\client.js:305:19)\n    at Client._handleErrorMessage (C:\\code\\wikiactivity\\.yarn\\__virtual__\\pg-virtual-6bb5b15754\\3\\Users\\USER\\AppData\\Local\\Yarn\\Berry\\cache\\pg-npm-8.7.3-5d68c1b41b-8.zip\\node_modules\\pg\\lib\\client.js:325:19)\n    at Connection.emit (node:events:527:28)\n    at C:\\code\\wikiactivity\\.yarn\\__virtual__\\pg-virtual-6bb5b15754\\3\\Users\\USER\\AppData\\Local\\Yarn\\Berry\\cache\\pg-npm-8.7.3-5d68c1b41b-8.zip\\node_modules\\pg\\lib\\connection.js:114:12\n    at Parser.parse (C:\\Users\\USER\\AppData\\Local\\Yarn\\Berry\\cache\\pg-protocol-npm-1.5.0-390f8d9ed8-8.zip\\node_modules\\pg-protocol\\src\\parser.ts:104:9)\n    at Socket.<anonymous> (C:\\Users\\USER\\AppData\\Local\\Yarn\\Berry\\cache\\pg-protocol-npm-1.5.0-390f8d9ed8-8.zip\\node_modules\\pg-protocol\\src\\index.ts:7:48)\n    at Socket.emit (node:events:527:28)\n    at addChunk (node:internal/streams/readable:324:12)\n    at readableAddChunk (node:internal/streams/readable:297:9)","name":"SequelizeConnectionError","parent":{"type":"DatabaseError","message":"database \"WikiActivity\" does not exist","stack":"C:\\Users\\USER\\AppData\\Local\\Yarn\\Berry\\cache\\pg-protocol-npm-1.5.0-390f8d9ed8-8.zip\\node_modules\\pg-protocol\\src\\parser.ts:369\n      name === 'notice' ? new NoticeMessage(length, messageValue) : new DatabaseError(messageValue, length, name)\n                                                                    ^\n\nerror: database \"WikiActivity\" does not exist\n    at Parser.parseErrorMessage (C:\\Users\\USER\\AppData\\Local\\Yarn\\Berry\\cache\\pg-protocol-npm-1.5.0-390f8d9ed8-8.zip\\node_modules\\pg-protocol\\src\\parser.ts:369:69)\n    at Parser.handlePacket (C:\\Users\\USER\\AppData\\Local\\Yarn\\Berry\\cache\\pg-protocol-npm-1.5.0-390f8d9ed8-8.zip\\node_modules\\pg-protocol\\src\\parser.ts:188:21)\n    at Parser.parse (C:\\Users\\USER\\AppData\\Local\\Yarn\\Berry\\cache\\pg-protocol-npm-1.5.0-390f8d9ed8-8.zip\\node_modules\\pg-protocol\\src\\parser.ts:103:30)\n    at Socket.<anonymous> (C:\\Users\\USER\\AppData\\Local\\Yarn\\Berry\\cache\\pg-protocol-npm-1.5.0-390f8d9ed8-8.zip\\node_modules\\pg-protocol\\src\\index.ts:7:48)\n    at Socket.emit (node:events:527:28)\n    at addChunk (node:internal/streams/readable:324:12)\n    at readableAddChunk (node:internal/streams/readable:297:9)\n    at Readable.push (node:internal/streams/readable:234:10)\n    at TCP.onStreamRead (node:internal/stream_base_commons:190:23)","length":97,"name":"error","severity":"FATAL","code":"3D000","file":"postinit.c","line":"885","routine":"InitPostgres"},"original":{"type":"DatabaseError","message":"database \"WikiActivity\" does not exist","stack":"C:\\Users\\USER\\AppData\\Local\\Yarn\\Berry\\cache\\pg-protocol-npm-1.5.0-390f8d9ed8-8.zip\\node_modules\\pg-protocol\\src\\parser.ts:369\n      name === 'notice' ? new NoticeMessage(length, messageValue) : new DatabaseError(messageValue, length, name)\n                                                                    ^\n\nerror: database \"WikiActivity\" does not exist\n    at Parser.parseErrorMessage (C:\\Users\\USER\\AppData\\Local\\Yarn\\Berry\\cache\\pg-protocol-npm-1.5.0-390f8d9ed8-8.zip\\node_modules\\pg-protocol\\src\\parser.ts:369:69)\n    at Parser.handlePacket (C:\\Users\\USER\\AppData\\Local\\Yarn\\Berry\\cache\\pg-protocol-npm-1.5.0-390f8d9ed8-8.zip\\node_modules\\pg-protocol\\src\\parser.ts:188:21)\n    at Parser.parse (C:\\Users\\USER\\AppData\\Local\\Yarn\\Berry\\cache\\pg-protocol-npm-1.5.0-390f8d9ed8-8.zip\\node_modules\\pg-protocol\\src\\parser.ts:103:30)\n    at Socket.<anonymous> (C:\\Users\\USER\\AppData\\Local\\Yarn\\Berry\\cache\\pg-protocol-npm-1.5.0-390f8d9ed8-8.zip\\node_modules\\pg-protocol\\src\\index.ts:7:48)\n    at Socket.emit (node:events:527:28)\n    at addChunk (node:internal/streams/readable:324:12)\n    at readableAddChunk (node:internal/streams/readable:297:9)\n    at Readable.push (node:internal/streams/readable:234:10)\n    at TCP.onStreamRead (node:internal/stream_base_commons:190:23)","length":97,"name":"error","severity":"FATAL","code":"3D000","file":"postinit.c","line":"885","routine":"InitPostgres"}},"msg":"database \"WikiActivity\" does not exist"}
{"level":50,"time":"2022-06-19T21:39:23.732Z","pid":1580,"hostname":"user-PC","err":{"type":"TypeError","message":"emitter.getMaxListeners is not a function","stack":"TypeError: emitter.getMaxListeners is not a function\n    at UserEvent.onLoad (C:\\Users\\USER\\AppData\\Local\\Yarn\\Berry\\cache\\@sapphire-framework-npm-3.0.0-next.e669f2b.0-c2f9ee5647-8.zip\\node_modules\\@sapphire\\framework\\src\\lib\\structures\\Listener.ts:91:33)\n    at ListenerStore.insert (C:\\Users\\USER\\AppData\\Local\\Yarn\\Berry\\cache\\@sapphire-pieces-npm-3.3.4-652fbdc27f-8.zip\\node_modules\\@sapphire\\pieces\\src\\lib\\structures\\Store.ts:206:15)\n    at ListenerStore.loadAll (C:\\Users\\USER\\AppData\\Local\\Yarn\\Berry\\cache\\@sapphire-pieces-npm-3.3.4-652fbdc27f-8.zip\\node_modules\\@sapphire\\pieces\\src\\lib\\structures\\Store.ts:172:15)\n    at async Promise.all (index 3)\n    at UserClient.login (C:\\Users\\USER\\AppData\\Local\\Yarn\\Berry\\cache\\@sapphire-framework-npm-3.0.0-next.e669f2b.0-c2f9ee5647-8.zip\\node_modules\\@sapphire\\framework\\src\\lib\\SapphireClient.ts:333:3)"},"msg":"emitter.getMaxListeners is not a function"}
{"level":50,"time":"2022-06-19T21:44:19.328Z","pid":8836,"hostname":"user-PC","err":{"type":"TypeError","message":"emitter.getMaxListeners is not a function","stack":"TypeError: emitter.getMaxListeners is not a function\n    at UserEvent.onLoad (C:\\Users\\USER\\AppData\\Local\\Yarn\\Berry\\cache\\@sapphire-framework-npm-3.0.0-next.e669f2b.0-c2f9ee5647-8.zip\\node_modules\\@sapphire\\framework\\src\\lib\\structures\\Listener.ts:91:33)\n    at ListenerStore.insert (C:\\Users\\USER\\AppData\\Local\\Yarn\\Berry\\cache\\@sapphire-pieces-npm-3.3.4-652fbdc27f-8.zip\\node_modules\\@sapphire\\pieces\\src\\lib\\structures\\Store.ts:206:15)\n    at ListenerStore.loadAll (C:\\Users\\USER\\AppData\\Local\\Yarn\\Berry\\cache\\@sapphire-pieces-npm-3.3.4-652fbdc27f-8.zip\\node_modules\\@sapphire\\pieces\\src\\lib\\structures\\Store.ts:172:15)\n    at async Promise.all (index 3)\n    at UserClient.login (C:\\Users\\USER\\AppData\\Local\\Yarn\\Berry\\cache\\@sapphire-framework-npm-3.0.0-next.e669f2b.0-c2f9ee5647-8.zip\\node_modules\\@sapphire\\framework\\src\\lib\\SapphireClient.ts:333:3)"},"msg":"emitter.getMaxListeners is not a function"}
{"level":30,"time":"2022-06-19T21:48:10.410Z","pid":5468,"hostname":"user-PC","msg":"WebSocket connected successfully!"}
{"level":30,"time":"2022-06-19T22:32:05.447Z","pid":9672,"hostname":"user-PC","msg":"WebSocket connected successfully!"}
{"level":30,"time":"2022-06-19T22:32:08.190Z","pid":9672,"hostname":"user-PC","msg":"Client is ready and running."}
{"level":30,"time":"2022-06-19T22:38:07.044Z","pid":13504,"hostname":"user-PC","msg":"WebSocket connected successfully!"}
{"level":30,"time":"2022-06-19T22:38:09.503Z","pid":13504,"hostname":"user-PC","msg":"Client is ready and running."}
{"level":30,"time":"2022-06-19T22:39:08.685Z","pid":12860,"hostname":"user-PC","msg":"WebSocket connected successfully!"}
{"level":30,"time":"2022-06-19T22:39:10.663Z","pid":12860,"hostname":"user-PC","msg":"Client is ready and running."}
{"level":30,"time":"2022-06-19T22:39:10.790Z","pid":12860,"hostname":"user-PC","msg":"No wikis are registered. The socket won't join any room."}
{"level":30,"time":"2022-06-19T23:48:49.199Z","pid":12800,"hostname":"user-PC","msg":"WebSocket connected successfully!"}
{"level":30,"time":"2022-06-19T23:48:51.739Z","pid":12800,"hostname":"user-PC","msg":"Client is ready and running."}
{"level":30,"time":"2022-06-19T23:48:51.864Z","pid":12800,"hostname":"user-PC","msg":"No wikis are registered. The socket won't join any room."}
{"level":30,"time":"2022-06-19T23:49:30.586Z","pid":2380,"hostname":"user-PC","msg":"WebSocket connected successfully!"}
{"level":30,"time":"2022-06-19T23:49:32.995Z","pid":2380,"hostname":"user-PC","msg":"Client is ready and running."}
{"level":30,"time":"2022-06-19T23:49:33.140Z","pid":2380,"hostname":"user-PC","msg":"No wikis are registered. The socket won't join any room."}
{"level":30,"time":"2022-06-19T23:51:40.434Z","pid":11292,"hostname":"user-PC","msg":"WebSocket connected successfully!"}
{"level":30,"time":"2022-06-19T23:51:42.788Z","pid":11292,"hostname":"user-PC","msg":"Client is ready and running."}
{"level":30,"time":"2022-06-19T23:51:42.884Z","pid":11292,"hostname":"user-PC","msg":"No wikis are registered. The socket won't join any room."}
{"level":30,"time":"2022-06-20T00:19:50.379Z","pid":4172,"hostname":"user-PC","msg":"WebSocket connected successfully!"}
{"level":30,"time":"2022-06-20T00:19:52.895Z","pid":4172,"hostname":"user-PC","msg":"Client is ready and running."}
{"level":30,"time":"2022-06-20T00:19:53.010Z","pid":4172,"hostname":"user-PC","msg":"No wikis are registered. The socket won't join any room."}
{"level":30,"time":"2022-06-20T00:20:15.505Z","pid":5148,"hostname":"user-PC","msg":"WebSocket connected successfully!"}
{"level":30,"time":"2022-06-20T00:20:17.941Z","pid":5148,"hostname":"user-PC","msg":"Client is ready and running."}
{"level":30,"time":"2022-06-20T00:20:18.070Z","pid":5148,"hostname":"user-PC","msg":"No wikis are registered. The socket won't join any room."}
{"level":30,"time":"2022-06-20T00:21:04.502Z","pid":7040,"hostname":"user-PC","msg":"WebSocket connected successfully!"}
{"level":30,"time":"2022-06-20T00:21:07.203Z","pid":7040,"hostname":"user-PC","msg":"Client is ready and running."}
{"level":30,"time":"2022-06-20T00:21:07.356Z","pid":7040,"hostname":"user-PC","msg":"No wikis are registered. The socket won't join any room."}
{"level":30,"time":"2022-06-20T00:22:22.118Z","pid":13776,"hostname":"user-PC","msg":"WebSocket connected successfully!"}
{"level":30,"time":"2022-06-20T00:22:24.976Z","pid":13776,"hostname":"user-PC","msg":"Client is ready and running."}
{"level":30,"time":"2022-06-20T00:22:25.073Z","pid":13776,"hostname":"user-PC","msg":"No wikis are registered. The socket won't join any room."}
{"level":30,"time":"2022-06-20T00:23:11.832Z","pid":9644,"hostname":"user-PC","msg":"WebSocket connected successfully!"}
{"level":30,"time":"2022-06-20T00:23:14.400Z","pid":9644,"hostname":"user-PC","msg":"Client is ready and running."}
{"level":30,"time":"2022-06-20T00:23:14.506Z","pid":9644,"hostname":"user-PC","msg":"No wikis are registered. The socket won't join any room."}
{"level":30,"time":"2022-06-20T00:58:40.895Z","pid":11884,"hostname":"user-PC","msg":"WebSocket connected successfully!"}
{"level":30,"time":"2022-06-20T00:59:33.395Z","pid":6548,"hostname":"user-PC","msg":"WebSocket connected successfully!"}
{"level":30,"time":"2022-06-20T01:00:14.056Z","pid":7176,"hostname":"user-PC","msg":"Client is ready and running."}
{"level":30,"time":"2022-06-20T01:01:38.291Z","pid":6688,"hostname":"user-PC","msg":"Client is ready and running."}
{"level":30,"time":"2022-06-20T01:02:15.079Z","pid":2996,"hostname":"user-PC","msg":"Client is ready and running."}
{"level":30,"time":"2022-06-20T01:03:33.333Z","pid":12796,"hostname":"user-PC","msg":"Client is ready and running."}
{"level":30,"time":"2022-06-20T01:04:08.667Z","pid":11628,"hostname":"user-PC","msg":"Client is ready and running."}
{"level":30,"time":"2022-06-20T01:05:27.128Z","pid":12268,"hostname":"user-PC","msg":"Client is ready and running."}
{"level":30,"time":"2022-06-20T01:06:30.516Z","pid":11744,"hostname":"user-PC","msg":"Client is ready and running."}
{"level":30,"time":"2022-06-20T01:06:46.281Z","pid":1232,"hostname":"user-PC","msg":"Client is ready and running."}
{"level":30,"time":"2022-06-20T01:09:15.344Z","pid":3816,"hostname":"user-PC","msg":"Client is ready and running."}
{"level":30,"time":"2022-06-20T01:09:49.916Z","pid":5332,"hostname":"user-PC","msg":"Client is ready and running."}
{"level":30,"time":"2022-06-20T01:09:50.672Z","pid":5332,"hostname":"user-PC","msg":"WebSocket connected successfully!"}
{"level":30,"time":"2022-06-20T01:09:50.761Z","pid":5332,"hostname":"user-PC","msg":"No wikis are registered. The socket won't join any room."}
{"level":30,"time":"2022-06-20T01:10:56.102Z","pid":11884,"hostname":"user-PC","msg":"Client is ready and running."}
{"level":30,"time":"2022-06-20T01:10:56.565Z","pid":11884,"hostname":"user-PC","msg":"WebSocket connected successfully!"}
{"level":30,"time":"2022-06-20T01:10:56.675Z","pid":11884,"hostname":"user-PC","msg":"No wikis are registered. The socket won't join any room."}
{"level":30,"time":"2022-06-20T01:13:02.975Z","pid":6336,"hostname":"user-PC","msg":"Client is ready and running."}
{"level":30,"time":"2022-06-20T01:13:03.396Z","pid":6336,"hostname":"user-PC","msg":"WebSocket connected successfully!"}
{"level":30,"time":"2022-06-20T01:13:03.485Z","pid":6336,"hostname":"user-PC","msg":"No wikis are registered. The socket won't join any room."}
{"level":30,"time":"2022-06-20T01:13:28.860Z","pid":11008,"hostname":"user-PC","msg":"Client is ready and running."}
{"level":30,"time":"2022-06-20T01:13:29.614Z","pid":11008,"hostname":"user-PC","msg":"WebSocket connected successfully!"}
{"level":30,"time":"2022-06-20T01:13:29.737Z","pid":11008,"hostname":"user-PC","msg":"Joined the following rooms: bitomic"}
{"level":30,"time":"2022-06-20T02:12:14.897Z","pid":3968,"hostname":"user-PC","msg":"Client is ready and running."}
{"level":30,"time":"2022-06-20T02:12:15.454Z","pid":3968,"hostname":"user-PC","msg":"WebSocket connected successfully!"}
{"level":30,"time":"2022-06-20T02:12:15.637Z","pid":3968,"hostname":"user-PC","msg":"Joined the following rooms: bitomic"}
{"level":30,"time":"2022-06-20T02:12:47.990Z","pid":3968,"hostname":"user-PC","msg":"WebSocket connected successfully!"}
{"level":30,"time":"2022-06-20T02:12:48.628Z","pid":3968,"hostname":"user-PC","msg":"Joined the following rooms: bitomic"}
{"level":30,"time":"2022-06-20T02:23:39.887Z","pid":3968,"hostname":"user-PC","msg":"WebSocket connected successfully!"}
{"level":30,"time":"2022-06-20T02:23:40.554Z","pid":3968,"hostname":"user-PC","msg":"Joined the following rooms: bitomic"}
{"level":30,"time":"2022-06-20T03:06:52.120Z","pid":13260,"hostname":"user-PC","msg":"Client is ready and running."}
{"level":30,"time":"2022-06-20T03:06:52.612Z","pid":13260,"hostname":"user-PC","msg":"WebSocket connected successfully!"}
{"level":30,"time":"2022-06-20T03:06:52.704Z","pid":13260,"hostname":"user-PC","msg":"Joined the following rooms: bitomic"}
{"level":30,"time":"2022-06-20T03:10:28.227Z","pid":1924,"hostname":"user-PC","msg":"Client is ready and running."}
{"level":30,"time":"2022-06-20T03:10:28.816Z","pid":1924,"hostname":"user-PC","msg":"WebSocket connected successfully!"}
{"level":30,"time":"2022-06-20T03:10:28.914Z","pid":1924,"hostname":"user-PC","msg":"Joined the following rooms: bitomic"}
{"level":30,"time":"2022-06-20T03:11:50.144Z","pid":5644,"hostname":"user-PC","msg":"Client is ready and running."}
{"level":30,"time":"2022-06-20T03:11:50.834Z","pid":5644,"hostname":"user-PC","msg":"WebSocket connected successfully!"}
{"level":30,"time":"2022-06-20T03:11:50.964Z","pid":5644,"hostname":"user-PC","msg":"Joined the following rooms: bitomic"}
{"level":50,"time":"2022-06-20T03:11:53.203Z","pid":5644,"hostname":"user-PC","msg":"An error had occurred while processing the activity."}
{"level":50,"time":"2022-06-20T03:11:53.204Z","pid":5644,"hostname":"user-PC","err":{"type":"DatabaseError","message":"column \"name\" does not exist","stack":"Error\n    at Query.run (C:\\code\\wikiactivity\\.yarn\\__virtual__\\sequelize-virtual-b3f9b93fc6\\3\\Users\\USER\\AppData\\Local\\Yarn\\Berry\\cache\\sequelize-npm-6.21.0-30f6211950-8.zip\\node_modules\\sequelize\\src\\dialects\\postgres\\query.js:76:25)\n    at <anonymous> (C:\\code\\wikiactivity\\.yarn\\__virtual__\\sequelize-virtual-b3f9b93fc6\\3\\Users\\USER\\AppData\\Local\\Yarn\\Berry\\cache\\sequelize-npm-6.21.0-30f6211950-8.zip\\node_modules\\sequelize\\src\\sequelize.js:641:28)\n    at process.processTicksAndRejections (node:internal/process/task_queues:95:5)\n    at PostgresQueryInterface.select (C:\\code\\wikiactivity\\.yarn\\__virtual__\\sequelize-virtual-b3f9b93fc6\\3\\Users\\USER\\AppData\\Local\\Yarn\\Berry\\cache\\sequelize-npm-6.21.0-30f6211950-8.zip\\node_modules\\sequelize\\src\\dialects\\abstract\\query-interface.js:1001:12)\n    at Function.findAll (C:\\code\\wikiactivity\\.yarn\\__virtual__\\sequelize-virtual-b3f9b93fc6\\3\\Users\\USER\\AppData\\Local\\Yarn\\Berry\\cache\\sequelize-npm-6.21.0-30f6211950-8.zip\\node_modules\\sequelize\\src\\model.js:1815:21)","name":"SequelizeDatabaseError","parent":{"type":"DatabaseError","message":"column \"name\" does not exist","stack":"C:\\Users\\USER\\AppData\\Local\\Yarn\\Berry\\cache\\pg-protocol-npm-1.5.0-390f8d9ed8-8.zip\\node_modules\\pg-protocol\\src\\parser.ts:369\n      name === 'notice' ? new NoticeMessage(length, messageValue) : new DatabaseError(messageValue, length, name)\n                                                                    ^\n\nerror: column \"name\" does not exist\n    at Parser.parseErrorMessage (C:\\Users\\USER\\AppData\\Local\\Yarn\\Berry\\cache\\pg-protocol-npm-1.5.0-390f8d9ed8-8.zip\\node_modules\\pg-protocol\\src\\parser.ts:369:69)\n    at Parser.handlePacket (C:\\Users\\USER\\AppData\\Local\\Yarn\\Berry\\cache\\pg-protocol-npm-1.5.0-390f8d9ed8-8.zip\\node_modules\\pg-protocol\\src\\parser.ts:188:21)\n    at Parser.parse (C:\\Users\\USER\\AppData\\Local\\Yarn\\Berry\\cache\\pg-protocol-npm-1.5.0-390f8d9ed8-8.zip\\node_modules\\pg-protocol\\src\\parser.ts:103:30)\n    at Socket.<anonymous> (C:\\Users\\USER\\AppData\\Local\\Yarn\\Berry\\cache\\pg-protocol-npm-1.5.0-390f8d9ed8-8.zip\\node_modules\\pg-protocol\\src\\index.ts:7:48)\n    at Socket.emit (node:events:527:28)\n    at addChunk (node:internal/streams/readable:324:12)\n    at readableAddChunk (node:internal/streams/readable:297:9)\n    at Readable.push (node:internal/streams/readable:234:10)\n    at TCP.onStreamRead (node:internal/stream_base_commons:190:23)","length":104,"name":"error","severity":"ERROR","code":"42703","position":"53","file":"parse_relation.c","line":"3589","routine":"errorMissingColumn","sql":"SELECT \"id\", \"avatar\", \"channel\", \"color\", \"guild\", \"name\", \"wiki\" FROM \"Configurations\" AS \"Configuration\" WHERE \"Configuration\".\"wiki\" = 'bitomic';"},"original":{"type":"DatabaseError","message":"column \"name\" does not exist","stack":"C:\\Users\\USER\\AppData\\Local\\Yarn\\Berry\\cache\\pg-protocol-npm-1.5.0-390f8d9ed8-8.zip\\node_modules\\pg-protocol\\src\\parser.ts:369\n      name === 'notice' ? new NoticeMessage(length, messageValue) : new DatabaseError(messageValue, length, name)\n                                                                    ^\n\nerror: column \"name\" does not exist\n    at Parser.parseErrorMessage (C:\\Users\\USER\\AppData\\Local\\Yarn\\Berry\\cache\\pg-protocol-npm-1.5.0-390f8d9ed8-8.zip\\node_modules\\pg-protocol\\src\\parser.ts:369:69)\n    at Parser.handlePacket (C:\\Users\\USER\\AppData\\Local\\Yarn\\Berry\\cache\\pg-protocol-npm-1.5.0-390f8d9ed8-8.zip\\node_modules\\pg-protocol\\src\\parser.ts:188:21)\n    at Parser.parse (C:\\Users\\USER\\AppData\\Local\\Yarn\\Berry\\cache\\pg-protocol-npm-1.5.0-390f8d9ed8-8.zip\\node_modules\\pg-protocol\\src\\parser.ts:103:30)\n    at Socket.<anonymous> (C:\\Users\\USER\\AppData\\Local\\Yarn\\Berry\\cache\\pg-protocol-npm-1.5.0-390f8d9ed8-8.zip\\node_modules\\pg-protocol\\src\\index.ts:7:48)\n    at Socket.emit (node:events:527:28)\n    at addChunk (node:internal/streams/readable:324:12)\n    at readableAddChunk (node:internal/streams/readable:297:9)\n    at Readable.push (node:internal/streams/readable:234:10)\n    at TCP.onStreamRead (node:internal/stream_base_commons:190:23)","length":104,"name":"error","severity":"ERROR","code":"42703","position":"53","file":"parse_relation.c","line":"3589","routine":"errorMissingColumn","sql":"SELECT \"id\", \"avatar\", \"channel\", \"color\", \"guild\", \"name\", \"wiki\" FROM \"Configurations\" AS \"Configuration\" WHERE \"Configuration\".\"wiki\" = 'bitomic';"},"sql":"SELECT \"id\", \"avatar\", \"channel\", \"color\", \"guild\", \"name\", \"wiki\" FROM \"Configurations\" AS \"Configuration\" WHERE \"Configuration\".\"wiki\" = 'bitomic';","parameters":{}},"msg":"column \"name\" does not exist"}
{"level":30,"time":"2022-06-20T03:12:37.151Z","pid":5392,"hostname":"user-PC","msg":"Client is ready and running."}
{"level":30,"time":"2022-06-20T03:12:37.621Z","pid":5392,"hostname":"user-PC","msg":"WebSocket connected successfully!"}
{"level":30,"time":"2022-06-20T03:12:37.766Z","pid":5392,"hostname":"user-PC","msg":"No wikis are registered. The socket won't join any room."}
{"level":30,"time":"2022-06-20T03:13:22.953Z","pid":11232,"hostname":"user-PC","msg":"Client is ready and running."}
{"level":30,"time":"2022-06-20T03:13:23.681Z","pid":11232,"hostname":"user-PC","msg":"WebSocket connected successfully!"}
{"level":30,"time":"2022-06-20T03:13:23.800Z","pid":11232,"hostname":"user-PC","msg":"Joined the following rooms: bitomic"}
{"level":30,"time":"2022-06-20T03:17:43.919Z","pid":2236,"hostname":"user-PC","msg":"Client is ready and running."}
{"level":30,"time":"2022-06-20T03:17:44.718Z","pid":2236,"hostname":"user-PC","msg":"WebSocket connected successfully!"}
{"level":30,"time":"2022-06-20T03:17:44.866Z","pid":2236,"hostname":"user-PC","msg":"Joined the following rooms: bitomic"}
{"level":30,"time":"2022-06-20T03:29:22.579Z","pid":6308,"hostname":"user-PC","msg":"Client is ready and running."}
{"level":30,"time":"2022-06-20T03:29:23.289Z","pid":6308,"hostname":"user-PC","msg":"WebSocket connected successfully!"}
{"level":30,"time":"2022-06-20T03:29:23.431Z","pid":6308,"hostname":"user-PC","msg":"Joined the following rooms: bitomic"}
{"level":30,"time":"2022-06-20T03:32:41.687Z","pid":112,"hostname":"user-PC","msg":"Client is ready and running."}
{"level":30,"time":"2022-06-20T03:32:42.151Z","pid":112,"hostname":"user-PC","msg":"WebSocket connected successfully!"}
{"level":30,"time":"2022-06-20T03:32:42.274Z","pid":112,"hostname":"user-PC","msg":"Joined the following rooms: bitomic"}
{"level":30,"time":"2022-06-20T03:34:03.275Z","pid":11692,"hostname":"user-PC","msg":"Client is ready and running."}
{"level":30,"time":"2022-06-20T03:34:04.030Z","pid":11692,"hostname":"user-PC","msg":"WebSocket connected successfully!"}
{"level":30,"time":"2022-06-20T03:34:04.131Z","pid":11692,"hostname":"user-PC","msg":"Joined the following rooms: bitomic"}
{"level":30,"time":"2022-06-20T03:34:58.438Z","pid":13512,"hostname":"user-PC","msg":"Client is ready and running."}
{"level":30,"time":"2022-06-20T03:34:59.364Z","pid":13512,"hostname":"user-PC","msg":"WebSocket connected successfully!"}
{"level":30,"time":"2022-06-20T03:34:59.550Z","pid":13512,"hostname":"user-PC","msg":"Joined the following rooms: bitomic"}
{"level":30,"time":"2022-06-20T03:36:04.409Z","pid":13208,"hostname":"user-PC","msg":"Client is ready and running."}
{"level":30,"time":"2022-06-20T03:36:04.905Z","pid":13208,"hostname":"user-PC","msg":"WebSocket connected successfully!"}
{"level":30,"time":"2022-06-20T03:36:05.029Z","pid":13208,"hostname":"user-PC","msg":"Joined the following rooms: bitomic"}
{"level":30,"time":"2022-06-20T03:36:26.318Z","pid":9184,"hostname":"user-PC","msg":"Client is ready and running."}
{"level":30,"time":"2022-06-20T03:36:26.902Z","pid":9184,"hostname":"user-PC","msg":"WebSocket connected successfully!"}
{"level":30,"time":"2022-06-20T03:36:27.052Z","pid":9184,"hostname":"user-PC","msg":"Joined the following rooms: bitomic"}
{"level":30,"time":"2022-06-20T03:37:29.460Z","pid":7616,"hostname":"user-PC","msg":"Client is ready and running."}
{"level":30,"time":"2022-06-20T03:37:30.227Z","pid":7616,"hostname":"user-PC","msg":"WebSocket connected successfully!"}
{"level":30,"time":"2022-06-20T03:37:30.332Z","pid":7616,"hostname":"user-PC","msg":"Joined the following rooms: bitomic"}
